#
# There is insufficient memory for the Java Runtime Environment to continue.
# Native memory allocation (malloc) failed to allocate 2149616 bytes for Chunk::new
# Possible reasons:
#   The system is out of physical RAM or swap space
#   The process is running with CompressedOops enabled, and the Java Heap may be blocking the growth of the native heap
# Possible solutions:
#   Reduce memory load on the system
#   Increase physical memory or swap space
#   Check if swap backing store is full
#   Decrease Java heap size (-Xmx/-Xms)
#   Decrease number of Java threads
#   Decrease Java thread stack sizes (-Xss)
#   Set larger code cache with -XX:ReservedCodeCacheSize=
#   JVM is running with Unscaled Compressed Oops mode in which the Java heap is
#     placed in the first 4GB address space. The Java Heap base address is the
#     maximum limit for the native heap growth. Please use -XX:HeapBaseMinAddress
#     to set the Java Heap base and to place the Java Heap above 4GB virtual address.
# This output file may be truncated or incomplete.
#
#  Out of Memory Error (./src/hotspot/share/memory/arena.cpp:197), pid=10988, tid=9416
#
# JRE version: OpenJDK Runtime Environment (11.0.8+10) (build 11.0.8+10-b944.6842174)
# Java VM: OpenJDK 64-Bit Server VM (11.0.8+10-b944.6842174, mixed mode, tiered, compressed oops, g1 gc, windows-amd64)
# No core dump will be written. Minidumps are not enabled by default on client versions of Windows
#

---------------  S U M M A R Y ------------

Command Line: --add-opens=java.base/java.util=ALL-UNNAMED --add-opens=java.base/java.lang=ALL-UNNAMED --add-opens=java.base/java.lang.invoke=ALL-UNNAMED --add-opens=java.prefs/java.util.prefs=ALL-UNNAMED -Xmx2048m -Dfile.encoding=UTF-8 -Duser.country=US -Duser.language=en -Duser.variant org.gradle.launcher.daemon.bootstrap.GradleDaemon 6.7.1

Host: Intel(R) Core(TM) i3-3217U CPU @ 1.80GHz, 4 cores, 7G,  Windows 10 , 64 bit Build 16299 (10.0.16299.15)
Time: Tue Jan 17 11:37:18 2023 Egypt Standard Time elapsed time: 27 seconds (0d 0h 0m 27s)

---------------  T H R E A D  ---------------

Current thread (0x0000025a32079800):  JavaThread "C2 CompilerThread0" daemon [_thread_in_native, id=9416, stack(0x0000006e7c100000,0x0000006e7c200000)]


Current CompileTask:
C2:  27393 6651       4       sun.reflect.generics.parser.SignatureParser::parsePackageNameAndSimpleClassTypeSignature (119 bytes)

Stack: [0x0000006e7c100000,0x0000006e7c200000]
Native frames: (J=compiled Java code, j=interpreted, Vv=VM code, C=native code)
V  [jvm.dll+0x5de50a]
V  [jvm.dll+0x7122f5]
V  [jvm.dll+0x71384d]
V  [jvm.dll+0x713f03]
V  [jvm.dll+0x23e728]
V  [jvm.dll+0xb899c]
V  [jvm.dll+0xb8e9c]
V  [jvm.dll+0x35024d]
V  [jvm.dll+0x31dea3]
V  [jvm.dll+0x31d39a]
V  [jvm.dll+0x1f7702]
V  [jvm.dll+0x1f68d4]
V  [jvm.dll+0x17f32c]
V  [jvm.dll+0x205047]
V  [jvm.dll+0x203891]
V  [jvm.dll+0x6dad3f]
V  [jvm.dll+0x6d3895]
V  [jvm.dll+0x5dd4a6]
C  [ucrtbase.dll+0x1d885]
C  [KERNEL32.DLL+0x11fe4]
C  [ntdll.dll+0x6ef91]


---------------  P R O C E S S  ---------------

Threads class SMR info:
_java_thread_list=0x0000025a3c9d52f0, length=135, elements={
0x0000025a16688800, 0x0000025a3207c800, 0x0000025a32085800, 0x0000025a32074000,
0x0000025a32075000, 0x0000025a32079800, 0x0000025a328fd800, 0x0000025a32904000,
0x0000025a32a6e000, 0x0000025a32a80000, 0x0000025a343f2800, 0x0000025a33742000,
0x0000025a34e46800, 0x0000025a341a7800, 0x0000025a33c8c800, 0x0000025a343a3000,
0x0000025a344c0800, 0x0000025a34937800, 0x0000025a33de6000, 0x0000025a33f9f800,
0x0000025a34528000, 0x0000025a34529800, 0x0000025a3452b800, 0x0000025a34527800,
0x0000025a3452a800, 0x0000025a3452c000, 0x0000025a3452d000, 0x0000025a3452e000,
0x0000025a34529000, 0x0000025a33889800, 0x0000025a3388b000, 0x0000025a3388a800,
0x0000025a33885800, 0x0000025a3388c000, 0x0000025a33886800, 0x0000025a3388d000,
0x0000025a33887000, 0x0000025a3388d800, 0x0000025a33888000, 0x0000025a33889000,
0x0000025a33894000, 0x0000025a33892800, 0x0000025a3388f800, 0x0000025a3388e800,
0x0000025a33890000, 0x0000025a33891000, 0x0000025a33891800, 0x0000025a33893800,
0x0000025a377c2000, 0x0000025a377c1800, 0x0000025a377c3800, 0x0000025a377c5800,
0x0000025a377c0800, 0x0000025a377bf800, 0x0000025a377c6000, 0x0000025a377c8000,
0x0000025a377c7000, 0x0000025a377c4800, 0x0000025a377c8800, 0x0000025a377ce800,
0x0000025a377c9800, 0x0000025a377cc800, 0x0000025a377ca000, 0x0000025a377cb000,
0x0000025a377cc000, 0x0000025a377cd800, 0x0000025a378f5000, 0x0000025a378f7800,
0x0000025a378fa000, 0x0000025a378fa800, 0x0000025a378f8000, 0x0000025a378f6800,
0x0000025a378f9000, 0x0000025a378fb800, 0x0000025a378f6000, 0x0000025a378fe000,
0x0000025a37902000, 0x0000025a37901000, 0x0000025a378fc800, 0x0000025a37903000,
0x0000025a378fd000, 0x0000025a378ff000, 0x0000025a378ff800, 0x0000025a37903800,
0x0000025a37900800, 0x0000025a352cd800, 0x0000025a352cb800, 0x0000025a352d0800,
0x0000025a352d1800, 0x0000025a352cf000, 0x0000025a352d2000, 0x0000025a352cc800,
0x0000025a352d0000, 0x0000025a352d3000, 0x0000025a352d4000, 0x0000025a352ce000,
0x0000025a352d9000, 0x0000025a352d8000, 0x0000025a352d9800, 0x0000025a352da800,
0x0000025a352d4800, 0x0000025a352d5800, 0x0000025a352d7000, 0x0000025a352d6800,
0x0000025a34b48800, 0x0000025a34b4d000, 0x0000025a34b4e000, 0x0000025a34b4f000,
0x0000025a34b4a000, 0x0000025a34b4c800, 0x0000025a34b49000, 0x0000025a34b4f800,
0x0000025a34b50800, 0x0000025a34b4a800, 0x0000025a34b51000, 0x0000025a34b4b800,
0x0000025a34b55800, 0x0000025a34b52000, 0x0000025a34b56000, 0x0000025a34b53000,
0x0000025a34b57000, 0x0000025a34b53800, 0x0000025a34b54800, 0x0000025a34c64000,
0x0000025a34c66800, 0x0000025a34c62000, 0x0000025a34c68800, 0x0000025a34c67000,
0x0000025a34c64800, 0x0000025a34c68000, 0x0000025a34c63000, 0x0000025a34c69800,
0x0000025a34c6a800, 0x0000025a34c6b000, 0x0000025a3a637800
}

Java Threads: ( => current thread )
  0x0000025a16688800 JavaThread "main" [_thread_blocked, id=10800, stack(0x0000006e7b500000,0x0000006e7b600000)]
  0x0000025a3207c800 JavaThread "Reference Handler" daemon [_thread_blocked, id=1136, stack(0x0000006e7bc00000,0x0000006e7bd00000)]
  0x0000025a32085800 JavaThread "Finalizer" daemon [_thread_blocked, id=11596, stack(0x0000006e7bd00000,0x0000006e7be00000)]
  0x0000025a32074000 JavaThread "Signal Dispatcher" daemon [_thread_blocked, id=8576, stack(0x0000006e7bf00000,0x0000006e7c000000)]
  0x0000025a32075000 JavaThread "Attach Listener" daemon [_thread_blocked, id=5300, stack(0x0000006e7c000000,0x0000006e7c100000)]
=>0x0000025a32079800 JavaThread "C2 CompilerThread0" daemon [_thread_in_native, id=9416, stack(0x0000006e7c100000,0x0000006e7c200000)]
  0x0000025a328fd800 JavaThread "C1 CompilerThread0" daemon [_thread_blocked, id=10032, stack(0x0000006e7c200000,0x0000006e7c300000)]
  0x0000025a32904000 JavaThread "Sweeper thread" daemon [_thread_blocked, id=1448, stack(0x0000006e7c300000,0x0000006e7c400000)]
  0x0000025a32a6e000 JavaThread "Common-Cleaner" daemon [_thread_blocked, id=4416, stack(0x0000006e7c400000,0x0000006e7c500000)]
  0x0000025a32a80000 JavaThread "Service Thread" daemon [_thread_blocked, id=3228, stack(0x0000006e7c500000,0x0000006e7c600000)]
  0x0000025a343f2800 JavaThread "Daemon health stats" [_thread_blocked, id=10808, stack(0x0000006e7cb00000,0x0000006e7cc00000)]
  0x0000025a33742000 JavaThread "Incoming local TCP Connector on port 56466" [_thread_in_native, id=4592, stack(0x0000006e7cd00000,0x0000006e7ce00000)]
  0x0000025a34e46800 JavaThread "Daemon periodic checks" [_thread_blocked, id=6660, stack(0x0000006e7ce00000,0x0000006e7cf00000)]
  0x0000025a341a7800 JavaThread "Daemon" [_thread_blocked, id=6596, stack(0x0000006e7cf00000,0x0000006e7d000000)]
  0x0000025a33c8c800 JavaThread "Handler for socket connection from /127.0.0.1:56466 to /127.0.0.1:56467" [_thread_in_native, id=10536, stack(0x0000006e7d000000,0x0000006e7d100000)]
  0x0000025a343a3000 JavaThread "Cancel handler" [_thread_blocked, id=11768, stack(0x0000006e7d200000,0x0000006e7d300000)]
  0x0000025a344c0800 JavaThread "Daemon worker" [_thread_in_vm, id=7888, stack(0x0000006e7d300000,0x0000006e7d400000)]
  0x0000025a34937800 JavaThread "Asynchronous log dispatcher for DefaultDaemonConnection: socket connection from /127.0.0.1:56466 to /127.0.0.1:56467" [_thread_blocked, id=4736, stack(0x0000006e7d400000,0x0000006e7d500000)]
  0x0000025a33de6000 JavaThread "Stdin handler" [_thread_blocked, id=9808, stack(0x0000006e7d500000,0x0000006e7d600000)]
  0x0000025a33f9f800 JavaThread "Thread-8" [_thread_blocked, id=2712, stack(0x0000006e7d600000,0x0000006e7d700000)]
  0x0000025a34528000 JavaThread "Cache worker for file hash cache (C:\Users\M.Hamada\.gradle\wrapper\dists\caches\6.7.1\fileHashes)" [_thread_blocked, id=2552, stack(0x0000006e7d800000,0x0000006e7d900000)]
  0x0000025a34529800 JavaThread "File lock request listener" [_thread_in_native, id=10844, stack(0x0000006e7d900000,0x0000006e7da00000)]
  0x0000025a3452b800 JavaThread "Cache worker for journal cache (C:\Users\M.Hamada\.gradle\wrapper\dists\caches\journal-1)" [_thread_blocked, id=8924, stack(0x0000006e7da00000,0x0000006e7db00000)]
  0x0000025a34527800 JavaThread "Cache worker for file hash cache (E:\BEFClient\.gradle\6.7.1\fileHashes)" [_thread_blocked, id=2620, stack(0x0000006e7dc00000,0x0000006e7dd00000)]
  0x0000025a3452a800 JavaThread "jar transforms" [_thread_blocked, id=9240, stack(0x0000006e7dd00000,0x0000006e7de00000)]
  0x0000025a3452c000 JavaThread "jar transforms Thread 2" [_thread_blocked, id=10072, stack(0x0000006e7de00000,0x0000006e7df00000)]
  0x0000025a3452d000 JavaThread "jar transforms Thread 3" [_thread_blocked, id=10832, stack(0x0000006e7df00000,0x0000006e7e000000)]
  0x0000025a3452e000 JavaThread "jar transforms Thread 4" [_thread_blocked, id=10920, stack(0x0000006e7e000000,0x0000006e7e100000)]
  0x0000025a34529000 JavaThread "jar transforms Thread 5" [_thread_blocked, id=11644, stack(0x0000006e7e100000,0x0000006e7e200000)]
  0x0000025a33889800 JavaThread "jar transforms Thread 6" [_thread_blocked, id=5736, stack(0x0000006e7e200000,0x0000006e7e300000)]
  0x0000025a3388b000 JavaThread "jar transforms Thread 7" [_thread_blocked, id=12028, stack(0x0000006e7e300000,0x0000006e7e400000)]
  0x0000025a3388a800 JavaThread "jar transforms Thread 8" [_thread_blocked, id=10408, stack(0x0000006e7e400000,0x0000006e7e500000)]
  0x0000025a33885800 JavaThread "jar transforms Thread 9" [_thread_blocked, id=11176, stack(0x0000006e7e500000,0x0000006e7e600000)]
  0x0000025a3388c000 JavaThread "jar transforms Thread 10" [_thread_blocked, id=1644, stack(0x0000006e7e600000,0x0000006e7e700000)]
  0x0000025a33886800 JavaThread "jar transforms Thread 11" [_thread_blocked, id=3748, stack(0x0000006e7e700000,0x0000006e7e800000)]
  0x0000025a3388d000 JavaThread "jar transforms Thread 12" [_thread_blocked, id=4804, stack(0x0000006e7e800000,0x0000006e7e900000)]
  0x0000025a33887000 JavaThread "jar transforms Thread 13" [_thread_blocked, id=10612, stack(0x0000006e7e900000,0x0000006e7ea00000)]
  0x0000025a3388d800 JavaThread "jar transforms Thread 14" [_thread_blocked, id=4632, stack(0x0000006e7ea00000,0x0000006e7eb00000)]
  0x0000025a33888000 JavaThread "jar transforms Thread 15" [_thread_blocked, id=11212, stack(0x0000006e7eb00000,0x0000006e7ec00000)]
  0x0000025a33889000 JavaThread "jar transforms Thread 16" [_thread_blocked, id=10700, stack(0x0000006e7ec00000,0x0000006e7ed00000)]
  0x0000025a33894000 JavaThread "jar transforms Thread 17" [_thread_blocked, id=11932, stack(0x0000006e7ed00000,0x0000006e7ee00000)]
  0x0000025a33892800 JavaThread "jar transforms Thread 18" [_thread_blocked, id=2476, stack(0x0000006e7ee00000,0x0000006e7ef00000)]
  0x0000025a3388f800 JavaThread "jar transforms Thread 19" [_thread_blocked, id=9896, stack(0x0000006e7ef00000,0x0000006e7f000000)]
  0x0000025a3388e800 JavaThread "jar transforms Thread 20" [_thread_blocked, id=5776, stack(0x0000006e7f000000,0x0000006e7f100000)]
  0x0000025a33890000 JavaThread "jar transforms Thread 21" [_thread_blocked, id=8300, stack(0x0000006e7f100000,0x0000006e7f200000)]
  0x0000025a33891000 JavaThread "Cache worker for checksums cache (E:\BEFClient\.gradle\checksums)" [_thread_blocked, id=7028, stack(0x0000006e7f300000,0x0000006e7f400000)]
  0x0000025a33891800 JavaThread "Cache worker for cache directory md-supplier (C:\Users\M.Hamada\.gradle\wrapper\dists\caches\6.7.1\md-supplier)" [_thread_blocked, id=11900, stack(0x0000006e7f400000,0x0000006e7f500000)]
  0x0000025a33893800 JavaThread "Cache worker for cache directory md-rule (C:\Users\M.Hamada\.gradle\wrapper\dists\caches\6.7.1\md-rule)" [_thread_blocked, id=11976, stack(0x0000006e7f500000,0x0000006e7f600000)]
  0x0000025a377c2000 JavaThread "Cache worker for execution history cache (C:\Users\M.Hamada\.gradle\wrapper\dists\caches\6.7.1\executionHistory)" [_thread_blocked, id=10224, stack(0x0000006e7f600000,0x0000006e7f700000)]
  0x0000025a377c1800 JavaThread "Cache worker for file content cache (C:\Users\M.Hamada\.gradle\wrapper\dists\caches\6.7.1\fileContent)" [_thread_blocked, id=5412, stack(0x0000006e7f700000,0x0000006e7f800000)]
  0x0000025a377c3800 JavaThread "Cache worker for Build Output Cleanup Cache (E:\BEFClient\.gradle\buildOutputCleanup)" [_thread_blocked, id=10756, stack(0x0000006e7f900000,0x0000006e7fa00000)]
  0x0000025a377c5800 JavaThread "Build operations" [_thread_blocked, id=9492, stack(0x0000006e7fa00000,0x0000006e7fb00000)]
  0x0000025a377c0800 JavaThread "Build operations Thread 2" [_thread_blocked, id=5676, stack(0x0000006e7fb00000,0x0000006e7fc00000)]
  0x0000025a377bf800 JavaThread "Build operations Thread 3" [_thread_blocked, id=10324, stack(0x0000006e7fc00000,0x0000006e7fd00000)]
  0x0000025a377c6000 JavaThread "Build operations Thread 4" [_thread_blocked, id=9396, stack(0x0000006e7fd00000,0x0000006e7fe00000)]
  0x0000025a377c8000 JavaThread "jar transforms Thread 22" [_thread_blocked, id=10588, stack(0x0000006e7fe00000,0x0000006e7ff00000)]
  0x0000025a377c7000 JavaThread "jar transforms Thread 23" [_thread_blocked, id=224, stack(0x0000006e7ff00000,0x0000006e80000000)]
  0x0000025a377c4800 JavaThread "jar transforms Thread 24" [_thread_blocked, id=12056, stack(0x0000006e00000000,0x0000006e00100000)]
  0x0000025a377c8800 JavaThread "jar transforms Thread 25" [_thread_blocked, id=2776, stack(0x0000006e00100000,0x0000006e00200000)]
  0x0000025a377ce800 JavaThread "jar transforms Thread 26" [_thread_blocked, id=4004, stack(0x0000006e00200000,0x0000006e00300000)]
  0x0000025a377c9800 JavaThread "jar transforms Thread 27" [_thread_blocked, id=11952, stack(0x0000006e00300000,0x0000006e00400000)]
  0x0000025a377cc800 JavaThread "jar transforms Thread 28" [_thread_blocked, id=9372, stack(0x0000006e00400000,0x0000006e00500000)]
  0x0000025a377ca000 JavaThread "jar transforms Thread 29" [_thread_blocked, id=10796, stack(0x0000006e00500000,0x0000006e00600000)]
  0x0000025a377cb000 JavaThread "jar transforms Thread 30" [_thread_blocked, id=1500, stack(0x0000006e00600000,0x0000006e00700000)]
  0x0000025a377cc000 JavaThread "jar transforms Thread 31" [_thread_blocked, id=12168, stack(0x0000006e00700000,0x0000006e00800000)]
  0x0000025a377cd800 JavaThread "jar transforms Thread 32" [_thread_blocked, id=3008, stack(0x0000006e00800000,0x0000006e00900000)]
  0x0000025a378f5000 JavaThread "jar transforms Thread 33" [_thread_blocked, id=10688, stack(0x0000006e00900000,0x0000006e00a00000)]
  0x0000025a378f7800 JavaThread "jar transforms Thread 34" [_thread_blocked, id=10268, stack(0x0000006e00a00000,0x0000006e00b00000)]
  0x0000025a378fa000 JavaThread "jar transforms Thread 35" [_thread_blocked, id=10064, stack(0x0000006e00b00000,0x0000006e00c00000)]
  0x0000025a378fa800 JavaThread "jar transforms Thread 36" [_thread_blocked, id=3216, stack(0x0000006e00c00000,0x0000006e00d00000)]
  0x0000025a378f8000 JavaThread "jar transforms Thread 37" [_thread_blocked, id=5032, stack(0x0000006e00d00000,0x0000006e00e00000)]
  0x0000025a378f6800 JavaThread "jar transforms Thread 38" [_thread_blocked, id=2336, stack(0x0000006e00e00000,0x0000006e00f00000)]
  0x0000025a378f9000 JavaThread "jar transforms Thread 39" [_thread_blocked, id=11344, stack(0x0000006e00f00000,0x0000006e01000000)]
  0x0000025a378fb800 JavaThread "jar transforms Thread 40" [_thread_blocked, id=12072, stack(0x0000006e01000000,0x0000006e01100000)]
  0x0000025a378f6000 JavaThread "jar transforms Thread 41" [_thread_blocked, id=4152, stack(0x0000006e01100000,0x0000006e01200000)]
  0x0000025a378fe000 JavaThread "jar transforms Thread 42" [_thread_blocked, id=9256, stack(0x0000006e01200000,0x0000006e01300000)]
  0x0000025a37902000 JavaThread "jar transforms Thread 43" [_thread_blocked, id=2588, stack(0x0000006e01300000,0x0000006e01400000)]
  0x0000025a37901000 JavaThread "jar transforms Thread 44" [_thread_blocked, id=11904, stack(0x0000006e01400000,0x0000006e01500000)]
  0x0000025a378fc800 JavaThread "jar transforms Thread 45" [_thread_blocked, id=5808, stack(0x0000006e01500000,0x0000006e01600000)]
  0x0000025a37903000 JavaThread "jar transforms Thread 46" [_thread_blocked, id=3396, stack(0x0000006e01600000,0x0000006e01700000)]
  0x0000025a378fd000 JavaThread "jar transforms Thread 47" [_thread_blocked, id=10188, stack(0x0000006e01700000,0x0000006e01800000)]
  0x0000025a378ff000 JavaThread "jar transforms Thread 48" [_thread_blocked, id=7756, stack(0x0000006e01800000,0x0000006e01900000)]
  0x0000025a378ff800 JavaThread "jar transforms Thread 49" [_thread_blocked, id=6720, stack(0x0000006e01900000,0x0000006e01a00000)]
  0x0000025a37903800 JavaThread "jar transforms Thread 50" [_thread_blocked, id=2448, stack(0x0000006e01a00000,0x0000006e01b00000)]
  0x0000025a37900800 JavaThread "jar transforms Thread 51" [_thread_blocked, id=10780, stack(0x0000006e01b00000,0x0000006e01c00000)]
  0x0000025a352cd800 JavaThread "jar transforms Thread 52" [_thread_blocked, id=10508, stack(0x0000006e01c00000,0x0000006e01d00000)]
  0x0000025a352cb800 JavaThread "jar transforms Thread 53" [_thread_blocked, id=10804, stack(0x0000006e01d00000,0x0000006e01e00000)]
  0x0000025a352d0800 JavaThread "jar transforms Thread 54" [_thread_blocked, id=10544, stack(0x0000006e01e00000,0x0000006e01f00000)]
  0x0000025a352d1800 JavaThread "jar transforms Thread 55" [_thread_blocked, id=6716, stack(0x0000006e01f00000,0x0000006e02000000)]
  0x0000025a352cf000 JavaThread "jar transforms Thread 56" [_thread_blocked, id=9352, stack(0x0000006e02000000,0x0000006e02100000)]
  0x0000025a352d2000 JavaThread "jar transforms Thread 57" [_thread_blocked, id=3912, stack(0x0000006e02100000,0x0000006e02200000)]
  0x0000025a352cc800 JavaThread "jar transforms Thread 58" [_thread_blocked, id=11224, stack(0x0000006e02200000,0x0000006e02300000)]
  0x0000025a352d0000 JavaThread "jar transforms Thread 59" [_thread_blocked, id=10372, stack(0x0000006e02300000,0x0000006e02400000)]
  0x0000025a352d3000 JavaThread "jar transforms Thread 60" [_thread_blocked, id=4324, stack(0x0000006e02400000,0x0000006e02500000)]
  0x0000025a352d4000 JavaThread "jar transforms Thread 61" [_thread_blocked, id=11148, stack(0x0000006e02500000,0x0000006e02600000)]
  0x0000025a352ce000 JavaThread "jar transforms Thread 62" [_thread_blocked, id=776, stack(0x0000006e02600000,0x0000006e02700000)]
  0x0000025a352d9000 JavaThread "jar transforms Thread 63" [_thread_blocked, id=6264, stack(0x0000006e02700000,0x0000006e02800000)]
  0x0000025a352d8000 JavaThread "jar transforms Thread 64" [_thread_blocked, id=8688, stack(0x0000006e02800000,0x0000006e02900000)]
  0x0000025a352d9800 JavaThread "jar transforms Thread 65" [_thread_blocked, id=8464, stack(0x0000006e02900000,0x0000006e02a00000)]
  0x0000025a352da800 JavaThread "jar transforms Thread 66" [_thread_blocked, id=7444, stack(0x0000006e02a00000,0x0000006e02b00000)]
  0x0000025a352d4800 JavaThread "jar transforms Thread 67" [_thread_blocked, id=11308, stack(0x0000006e02b00000,0x0000006e02c00000)]
  0x0000025a352d5800 JavaThread "jar transforms Thread 68" [_thread_blocked, id=2284, stack(0x0000006e02c00000,0x0000006e02d00000)]
  0x0000025a352d7000 JavaThread "jar transforms Thread 69" [_thread_blocked, id=10608, stack(0x0000006e02d00000,0x0000006e02e00000)]
  0x0000025a352d6800 JavaThread "jar transforms Thread 70" [_thread_blocked, id=11828, stack(0x0000006e02e00000,0x0000006e02f00000)]
  0x0000025a34b48800 JavaThread "jar transforms Thread 71" [_thread_blocked, id=360, stack(0x0000006e02f00000,0x0000006e03000000)]
  0x0000025a34b4d000 JavaThread "jar transforms Thread 72" [_thread_blocked, id=5612, stack(0x0000006e03000000,0x0000006e03100000)]
  0x0000025a34b4e000 JavaThread "jar transforms Thread 73" [_thread_blocked, id=11464, stack(0x0000006e03100000,0x0000006e03200000)]
  0x0000025a34b4f000 JavaThread "jar transforms Thread 74" [_thread_blocked, id=12236, stack(0x0000006e03200000,0x0000006e03300000)]
  0x0000025a34b4a000 JavaThread "jar transforms Thread 75" [_thread_blocked, id=4244, stack(0x0000006e03300000,0x0000006e03400000)]
  0x0000025a34b4c800 JavaThread "jar transforms Thread 76" [_thread_blocked, id=4368, stack(0x0000006e03400000,0x0000006e03500000)]
  0x0000025a34b49000 JavaThread "jar transforms Thread 77" [_thread_blocked, id=9956, stack(0x0000006e03500000,0x0000006e03600000)]
  0x0000025a34b4f800 JavaThread "jar transforms Thread 78" [_thread_blocked, id=6556, stack(0x0000006e03600000,0x0000006e03700000)]
  0x0000025a34b50800 JavaThread "jar transforms Thread 79" [_thread_blocked, id=9668, stack(0x0000006e03700000,0x0000006e03800000)]
  0x0000025a34b4a800 JavaThread "jar transforms Thread 80" [_thread_blocked, id=9648, stack(0x0000006e03800000,0x0000006e03900000)]
  0x0000025a34b51000 JavaThread "jar transforms Thread 81" [_thread_blocked, id=6120, stack(0x0000006e03900000,0x0000006e03a00000)]
  0x0000025a34b4b800 JavaThread "jar transforms Thread 82" [_thread_blocked, id=8280, stack(0x0000006e03a00000,0x0000006e03b00000)]
  0x0000025a34b55800 JavaThread "jar transforms Thread 83" [_thread_blocked, id=9456, stack(0x0000006e03b00000,0x0000006e03c00000)]
  0x0000025a34b52000 JavaThread "jar transforms Thread 84" [_thread_blocked, id=11076, stack(0x0000006e03c00000,0x0000006e03d00000)]
  0x0000025a34b56000 JavaThread "jar transforms Thread 85" [_thread_blocked, id=1628, stack(0x0000006e03d00000,0x0000006e03e00000)]
  0x0000025a34b53000 JavaThread "jar transforms Thread 86" [_thread_blocked, id=8952, stack(0x0000006e03e00000,0x0000006e03f00000)]
  0x0000025a34b57000 JavaThread "jar transforms Thread 87" [_thread_blocked, id=1372, stack(0x0000006e03f00000,0x0000006e04000000)]
  0x0000025a34b53800 JavaThread "jar transforms Thread 88" [_thread_blocked, id=4548, stack(0x0000006e04000000,0x0000006e04100000)]
  0x0000025a34b54800 JavaThread "jar transforms Thread 89" [_thread_blocked, id=424, stack(0x0000006e04100000,0x0000006e04200000)]
  0x0000025a34c64000 JavaThread "jar transforms Thread 90" [_thread_blocked, id=5516, stack(0x0000006e04200000,0x0000006e04300000)]
  0x0000025a34c66800 JavaThread "jar transforms Thread 91" [_thread_blocked, id=4712, stack(0x0000006e04300000,0x0000006e04400000)]
  0x0000025a34c62000 JavaThread "jar transforms Thread 92" [_thread_blocked, id=11816, stack(0x0000006e04400000,0x0000006e04500000)]
  0x0000025a34c68800 JavaThread "jar transforms Thread 93" [_thread_blocked, id=10840, stack(0x0000006e04500000,0x0000006e04600000)]
  0x0000025a34c67000 JavaThread "jar transforms Thread 94" [_thread_blocked, id=2992, stack(0x0000006e04600000,0x0000006e04700000)]
  0x0000025a34c64800 JavaThread "jar transforms Thread 95" [_thread_blocked, id=6764, stack(0x0000006e04700000,0x0000006e04800000)]
  0x0000025a34c68000 JavaThread "jar transforms Thread 96" [_thread_blocked, id=11136, stack(0x0000006e04800000,0x0000006e04900000)]
  0x0000025a34c63000 JavaThread "jar transforms Thread 97" [_thread_blocked, id=11676, stack(0x0000006e04900000,0x0000006e04a00000)]
  0x0000025a34c69800 JavaThread "jar transforms Thread 98" [_thread_blocked, id=11388, stack(0x0000006e04a00000,0x0000006e04b00000)]
  0x0000025a34c6a800 JavaThread "jar transforms Thread 99" [_thread_blocked, id=11012, stack(0x0000006e04b00000,0x0000006e04c00000)]
  0x0000025a34c6b000 JavaThread "Memory manager" [_thread_blocked, id=2300, stack(0x0000006e04f00000,0x0000006e05000000)]
  0x0000025a3a637800 JavaThread "C2 CompilerThread1" daemon [_thread_in_native, id=12208, stack(0x0000006e05000000,0x0000006e05100000)]

Other Threads:
  0x0000025a3206a000 VMThread "VM Thread" [stack: 0x0000006e7bb00000,0x0000006e7bc00000] [id=636]
  0x0000025a32a81000 WatcherThread [stack: 0x0000006e7c600000,0x0000006e7c700000] [id=9744]
  0x0000025a1669f800 GCTaskThread "GC Thread#0" [stack: 0x0000006e7b600000,0x0000006e7b700000] [id=4312]
  0x0000025a333ac800 GCTaskThread "GC Thread#1" [stack: 0x0000006e7c800000,0x0000006e7c900000] [id=628]
  0x0000025a333ad000 GCTaskThread "GC Thread#2" [stack: 0x0000006e7c900000,0x0000006e7ca00000] [id=8608]
  0x0000025a33f8f800 GCTaskThread "GC Thread#3" [stack: 0x0000006e7d700000,0x0000006e7d800000] [id=1308]
  0x0000025a166d1000 ConcurrentGCThread "G1 Main Marker" [stack: 0x0000006e7b700000,0x0000006e7b800000] [id=8372]
  0x0000025a166d4800 ConcurrentGCThread "G1 Conc#0" [stack: 0x0000006e7b800000,0x0000006e7b900000] [id=10892]
  0x0000025a31ed0800 ConcurrentGCThread "G1 Refine#0" [stack: 0x0000006e7b900000,0x0000006e7ba00000] [id=2264]
  0x0000025a31ed1000 ConcurrentGCThread "G1 Young RemSet Sampling" [stack: 0x0000006e7ba00000,0x0000006e7bb00000] [id=11736]

Threads with active compile tasks:
C2 CompilerThread0  27599 6651       4       sun.reflect.generics.parser.SignatureParser::parsePackageNameAndSimpleClassTypeSignature (119 bytes)
C2 CompilerThread1  27599 6654       4       sun.reflect.generics.parser.SignatureParser::parseClassTypeSignature (118 bytes)

VM state:not at safepoint (normal execution)

VM Mutex/Monitor currently owned by a thread: None

Heap address: 0x0000000080000000, size: 2048 MB, Compressed Oops mode: 32-bit
Narrow klass base: 0x0000000000000000, Narrow klass shift: 3
Compressed class space size: 1073741824 Address: 0x0000000100000000

Heap:
 garbage-first heap   total 157696K, used 78350K [0x0000000080000000, 0x0000000100000000)
  region size 1024K, 5 young (5120K), 4 survivors (4096K)
 Metaspace       used 70222K, capacity 72124K, committed 72320K, reserved 1112064K
  class space    used 9024K, capacity 9670K, committed 9728K, reserved 1048576K
Heap Regions: E=young(eden), S=young(survivor), O=old, HS=humongous(starts), HC=humongous(continues), CS=collection set, F=free, A=archive, TAMS=top-at-mark-start (previous, next)
|   0|0x0000000080000000, 0x0000000080100000, 0x0000000080100000|100%| O|  |TAMS 0x0000000080100000, 0x0000000080000000| Untracked 
|   1|0x0000000080100000, 0x0000000080200000, 0x0000000080200000|100%| O|  |TAMS 0x0000000080200000, 0x0000000080100000| Untracked 
|   2|0x0000000080200000, 0x0000000080300000, 0x0000000080300000|100%| O|  |TAMS 0x0000000080300000, 0x0000000080200000| Untracked 
|   3|0x0000000080300000, 0x0000000080400000, 0x0000000080400000|100%|HS|  |TAMS 0x0000000080400000, 0x0000000080300000| Complete 
|   4|0x0000000080400000, 0x0000000080500000, 0x0000000080500000|100%|HC|  |TAMS 0x0000000080500000, 0x0000000080400000| Complete 
|   5|0x0000000080500000, 0x0000000080600000, 0x0000000080600000|100%|HC|  |TAMS 0x0000000080600000, 0x0000000080500000| Complete 
|   6|0x0000000080600000, 0x0000000080700000, 0x0000000080700000|100%| O|  |TAMS 0x0000000080700000, 0x0000000080600000| Untracked 
|   7|0x0000000080700000, 0x0000000080800000, 0x0000000080800000|100%| O|  |TAMS 0x0000000080800000, 0x0000000080700000| Untracked 
|   8|0x0000000080800000, 0x0000000080900000, 0x0000000080900000|100%| O|  |TAMS 0x0000000080900000, 0x0000000080800000| Untracked 
|   9|0x0000000080900000, 0x0000000080a00000, 0x0000000080a00000|100%| O|  |TAMS 0x0000000080a00000, 0x0000000080900000| Untracked 
|  10|0x0000000080a00000, 0x0000000080b00000, 0x0000000080b00000|100%| O|  |TAMS 0x0000000080b00000, 0x0000000080a00000| Untracked 
|  11|0x0000000080b00000, 0x0000000080c00000, 0x0000000080c00000|100%| O|  |TAMS 0x0000000080c00000, 0x0000000080b00000| Untracked 
|  12|0x0000000080c00000, 0x0000000080d00000, 0x0000000080d00000|100%| O|  |TAMS 0x0000000080d00000, 0x0000000080c00000| Untracked 
|  13|0x0000000080d00000, 0x0000000080e00000, 0x0000000080e00000|100%| O|  |TAMS 0x0000000080e00000, 0x0000000080d00000| Untracked 
|  14|0x0000000080e00000, 0x0000000080f00000, 0x0000000080f00000|100%| O|  |TAMS 0x0000000080f00000, 0x0000000080e00000| Untracked 
|  15|0x0000000080f00000, 0x0000000081000000, 0x0000000081000000|100%| O|  |TAMS 0x0000000081000000, 0x0000000080f00000| Untracked 
|  16|0x0000000081000000, 0x0000000081100000, 0x0000000081100000|100%|HS|  |TAMS 0x0000000081100000, 0x0000000081000000| Complete 
|  17|0x0000000081100000, 0x0000000081200000, 0x0000000081200000|100%|HC|  |TAMS 0x0000000081200000, 0x0000000081100000| Complete 
|  18|0x0000000081200000, 0x0000000081300000, 0x0000000081300000|100%|HS|  |TAMS 0x0000000081300000, 0x0000000081200000| Complete 
|  19|0x0000000081300000, 0x0000000081400000, 0x0000000081400000|100%|HC|  |TAMS 0x0000000081400000, 0x0000000081300000| Complete 
|  20|0x0000000081400000, 0x0000000081500000, 0x0000000081500000|100%|HC|  |TAMS 0x0000000081500000, 0x0000000081400000| Complete 
|  21|0x0000000081500000, 0x0000000081600000, 0x0000000081600000|100%|HS|  |TAMS 0x0000000081600000, 0x0000000081500000| Complete 
|  22|0x0000000081600000, 0x0000000081700000, 0x0000000081700000|100%|HC|  |TAMS 0x0000000081700000, 0x0000000081600000| Complete 
|  23|0x0000000081700000, 0x0000000081800000, 0x0000000081800000|100%|HC|  |TAMS 0x0000000081800000, 0x0000000081700000| Complete 
|  24|0x0000000081800000, 0x0000000081900000, 0x0000000081900000|100%|HC|  |TAMS 0x0000000081900000, 0x0000000081800000| Complete 
|  25|0x0000000081900000, 0x0000000081a00000, 0x0000000081a00000|100%| O|  |TAMS 0x0000000081a00000, 0x0000000081900000| Untracked 
|  26|0x0000000081a00000, 0x0000000081b00000, 0x0000000081b00000|100%| O|  |TAMS 0x0000000081b00000, 0x0000000081a00000| Untracked 
|  27|0x0000000081b00000, 0x0000000081c00000, 0x0000000081c00000|100%| O|  |TAMS 0x0000000081c00000, 0x0000000081b00000| Untracked 
|  28|0x0000000081c00000, 0x0000000081d00000, 0x0000000081d00000|100%| O|  |TAMS 0x0000000081d00000, 0x0000000081c00000| Untracked 
|  29|0x0000000081d00000, 0x0000000081e00000, 0x0000000081e00000|100%| O|  |TAMS 0x0000000081e00000, 0x0000000081d00000| Untracked 
|  30|0x0000000081e00000, 0x0000000081f00000, 0x0000000081f00000|100%| O|  |TAMS 0x0000000081f00000, 0x0000000081e00000| Untracked 
|  31|0x0000000081f00000, 0x0000000082000000, 0x0000000082000000|100%| O|  |TAMS 0x0000000082000000, 0x0000000081f00000| Untracked 
|  32|0x0000000082000000, 0x0000000082100000, 0x0000000082100000|100%| O|  |TAMS 0x0000000082100000, 0x0000000082000000| Untracked 
|  33|0x0000000082100000, 0x0000000082200000, 0x0000000082200000|100%| O|  |TAMS 0x0000000082200000, 0x0000000082100000| Untracked 
|  34|0x0000000082200000, 0x0000000082300000, 0x0000000082300000|100%|HS|  |TAMS 0x0000000082300000, 0x0000000082200000| Complete 
|  35|0x0000000082300000, 0x0000000082400000, 0x0000000082400000|100%|HC|  |TAMS 0x0000000082400000, 0x0000000082300000| Complete 
|  36|0x0000000082400000, 0x0000000082500000, 0x0000000082500000|100%|HC|  |TAMS 0x0000000082500000, 0x0000000082400000| Complete 
|  37|0x0000000082500000, 0x0000000082600000, 0x0000000082600000|100%|HC|  |TAMS 0x0000000082600000, 0x0000000082500000| Complete 
|  38|0x0000000082600000, 0x0000000082700000, 0x0000000082700000|100%|HS|  |TAMS 0x0000000082700000, 0x0000000082600000| Complete 
|  39|0x0000000082700000, 0x0000000082800000, 0x0000000082800000|100%|HC|  |TAMS 0x0000000082800000, 0x0000000082700000| Complete 
|  40|0x0000000082800000, 0x0000000082900000, 0x0000000082900000|100%|HC|  |TAMS 0x0000000082900000, 0x0000000082800000| Complete 
|  41|0x0000000082900000, 0x0000000082a00000, 0x0000000082a00000|100%| O|  |TAMS 0x0000000082a00000, 0x0000000082900000| Untracked 
|  42|0x0000000082a00000, 0x0000000082b00000, 0x0000000082b00000|100%| O|  |TAMS 0x0000000082b00000, 0x0000000082a00000| Untracked 
|  43|0x0000000082b00000, 0x0000000082c00000, 0x0000000082c00000|100%| O|  |TAMS 0x0000000082c00000, 0x0000000082b00000| Untracked 
|  44|0x0000000082c00000, 0x0000000082d00000, 0x0000000082d00000|100%| O|  |TAMS 0x0000000082d00000, 0x0000000082c00000| Untracked 
|  45|0x0000000082d00000, 0x0000000082e00000, 0x0000000082e00000|100%| O|  |TAMS 0x0000000082e00000, 0x0000000082d00000| Untracked 
|  46|0x0000000082e00000, 0x0000000082f00000, 0x0000000082f00000|100%| O|  |TAMS 0x0000000082f00000, 0x0000000082e00000| Untracked 
|  47|0x0000000082f00000, 0x0000000083000000, 0x0000000083000000|100%| O|  |TAMS 0x0000000083000000, 0x0000000082f00000| Untracked 
|  48|0x0000000083000000, 0x0000000083100000, 0x0000000083100000|100%|HS|  |TAMS 0x0000000083100000, 0x0000000083000000| Complete 
|  49|0x0000000083100000, 0x0000000083200000, 0x0000000083200000|100%|HS|  |TAMS 0x0000000083200000, 0x0000000083100000| Complete 
|  50|0x0000000083200000, 0x0000000083300000, 0x0000000083300000|100%|HC|  |TAMS 0x0000000083300000, 0x0000000083200000| Complete 
|  51|0x0000000083300000, 0x0000000083400000, 0x0000000083400000|100%| O|  |TAMS 0x0000000083400000, 0x0000000083300000| Untracked 
|  52|0x0000000083400000, 0x0000000083500000, 0x0000000083500000|100%| O|  |TAMS 0x0000000083500000, 0x0000000083400000| Untracked 
|  53|0x0000000083500000, 0x0000000083600000, 0x0000000083600000|100%| O|  |TAMS 0x0000000083600000, 0x0000000083500000| Untracked 
|  54|0x0000000083600000, 0x0000000083700000, 0x0000000083700000|100%| O|  |TAMS 0x0000000083700000, 0x0000000083600000| Untracked 
|  55|0x0000000083700000, 0x0000000083800000, 0x0000000083800000|100%| O|  |TAMS 0x0000000083800000, 0x0000000083700000| Untracked 
|  56|0x0000000083800000, 0x0000000083900000, 0x0000000083900000|100%| O|  |TAMS 0x0000000083900000, 0x0000000083800000| Untracked 
|  57|0x0000000083900000, 0x0000000083a00000, 0x0000000083a00000|100%| O|  |TAMS 0x0000000083a00000, 0x0000000083900000| Untracked 
|  58|0x0000000083a00000, 0x0000000083b00000, 0x0000000083b00000|100%| O|  |TAMS 0x0000000083b00000, 0x0000000083a00000| Untracked 
|  59|0x0000000083b00000, 0x0000000083c00000, 0x0000000083c00000|100%| O|  |TAMS 0x0000000083c00000, 0x0000000083b00000| Untracked 
|  60|0x0000000083c00000, 0x0000000083d00000, 0x0000000083d00000|100%| O|  |TAMS 0x0000000083d00000, 0x0000000083c00000| Untracked 
|  61|0x0000000083d00000, 0x0000000083e00000, 0x0000000083e00000|100%| O|  |TAMS 0x0000000083e00000, 0x0000000083d00000| Untracked 
|  62|0x0000000083e00000, 0x0000000083f00000, 0x0000000083f00000|100%| O|  |TAMS 0x0000000083e71000, 0x0000000083e00000| Untracked 
|  63|0x0000000083f00000, 0x0000000084000000, 0x0000000084000000|100%| O|  |TAMS 0x0000000083f00000, 0x0000000083f00000| Untracked 
|  64|0x0000000084000000, 0x0000000084100000, 0x0000000084100000|100%| O|  |TAMS 0x0000000084000000, 0x0000000084000000| Untracked 
|  65|0x0000000084100000, 0x0000000084200000, 0x0000000084200000|100%| O|  |TAMS 0x0000000084100000, 0x0000000084100000| Untracked 
|  66|0x0000000084200000, 0x0000000084300000, 0x0000000084300000|100%| O|  |TAMS 0x0000000084200000, 0x0000000084200000| Untracked 
|  67|0x0000000084300000, 0x0000000084400000, 0x0000000084400000|100%| O|  |TAMS 0x0000000084300000, 0x0000000084300000| Untracked 
|  68|0x0000000084400000, 0x0000000084500000, 0x0000000084500000|100%| O|  |TAMS 0x0000000084400000, 0x0000000084400000| Untracked 
|  69|0x0000000084500000, 0x0000000084600000, 0x0000000084600000|100%| O|  |TAMS 0x0000000084500000, 0x0000000084500000| Untracked 
|  70|0x0000000084600000, 0x0000000084700000, 0x0000000084700000|100%| O|  |TAMS 0x0000000084600000, 0x0000000084600000| Untracked 
|  71|0x0000000084700000, 0x0000000084800000, 0x0000000084800000|100%| O|  |TAMS 0x0000000084700000, 0x0000000084700000| Untracked 
|  72|0x0000000084800000, 0x00000000848d6a00, 0x0000000084900000| 83%| O|  |TAMS 0x0000000084800000, 0x0000000084800000| Untracked 
|  73|0x0000000084900000, 0x0000000084900000, 0x0000000084a00000|  0%| F|  |TAMS 0x0000000084900000, 0x0000000084900000| Untracked 
|  74|0x0000000084a00000, 0x0000000084a00000, 0x0000000084b00000|  0%| F|  |TAMS 0x0000000084a00000, 0x0000000084a00000| Untracked 
|  75|0x0000000084b00000, 0x0000000084b00000, 0x0000000084c00000|  0%| F|  |TAMS 0x0000000084b00000, 0x0000000084b00000| Untracked 
|  76|0x0000000084c00000, 0x0000000084c00000, 0x0000000084d00000|  0%| F|  |TAMS 0x0000000084c00000, 0x0000000084c00000| Untracked 
|  77|0x0000000084d00000, 0x0000000084d00000, 0x0000000084e00000|  0%| F|  |TAMS 0x0000000084d00000, 0x0000000084d00000| Untracked 
|  78|0x0000000084e00000, 0x0000000084e00000, 0x0000000084f00000|  0%| F|  |TAMS 0x0000000084e00000, 0x0000000084e00000| Untracked 
|  79|0x0000000084f00000, 0x0000000084f00000, 0x0000000085000000|  0%| F|  |TAMS 0x0000000084f00000, 0x0000000084f00000| Untracked 
|  80|0x0000000085000000, 0x0000000085000000, 0x0000000085100000|  0%| F|  |TAMS 0x0000000085000000, 0x0000000085000000| Untracked 
|  81|0x0000000085100000, 0x0000000085100000, 0x0000000085200000|  0%| F|  |TAMS 0x0000000085100000, 0x0000000085100000| Untracked 
|  82|0x0000000085200000, 0x0000000085200000, 0x0000000085300000|  0%| F|  |TAMS 0x0000000085200000, 0x0000000085200000| Untracked 
|  83|0x0000000085300000, 0x0000000085300000, 0x0000000085400000|  0%| F|  |TAMS 0x0000000085300000, 0x0000000085300000| Untracked 
|  84|0x0000000085400000, 0x0000000085400000, 0x0000000085500000|  0%| F|  |TAMS 0x0000000085400000, 0x0000000085400000| Untracked 
|  85|0x0000000085500000, 0x0000000085500000, 0x0000000085600000|  0%| F|  |TAMS 0x0000000085500000, 0x0000000085500000| Untracked 
|  86|0x0000000085600000, 0x0000000085600000, 0x0000000085700000|  0%| F|  |TAMS 0x0000000085600000, 0x0000000085600000| Untracked 
|  87|0x0000000085700000, 0x0000000085700000, 0x0000000085800000|  0%| F|  |TAMS 0x0000000085700000, 0x0000000085700000| Untracked 
|  88|0x0000000085800000, 0x0000000085800000, 0x0000000085900000|  0%| F|  |TAMS 0x0000000085800000, 0x0000000085800000| Untracked 
|  89|0x0000000085900000, 0x0000000085900000, 0x0000000085a00000|  0%| F|  |TAMS 0x0000000085900000, 0x0000000085900000| Untracked 
|  90|0x0000000085a00000, 0x0000000085a00000, 0x0000000085b00000|  0%| F|  |TAMS 0x0000000085a00000, 0x0000000085a00000| Untracked 
|  91|0x0000000085b00000, 0x0000000085b00000, 0x0000000085c00000|  0%| F|  |TAMS 0x0000000085b00000, 0x0000000085b00000| Untracked 
|  92|0x0000000085c00000, 0x0000000085c00000, 0x0000000085d00000|  0%| F|  |TAMS 0x0000000085c00000, 0x0000000085c00000| Untracked 
|  93|0x0000000085d00000, 0x0000000085d00000, 0x0000000085e00000|  0%| F|  |TAMS 0x0000000085d00000, 0x0000000085d00000| Untracked 
|  94|0x0000000085e00000, 0x0000000085e00000, 0x0000000085f00000|  0%| F|  |TAMS 0x0000000085e00000, 0x0000000085e00000| Untracked 
|  95|0x0000000085f00000, 0x0000000085f00000, 0x0000000086000000|  0%| F|  |TAMS 0x0000000085f00000, 0x0000000085f00000| Untracked 
|  96|0x0000000086000000, 0x0000000086000000, 0x0000000086100000|  0%| F|  |TAMS 0x0000000086000000, 0x0000000086000000| Untracked 
|  97|0x0000000086100000, 0x0000000086100000, 0x0000000086200000|  0%| F|  |TAMS 0x0000000086100000, 0x0000000086100000| Untracked 
|  98|0x0000000086200000, 0x0000000086200000, 0x0000000086300000|  0%| F|  |TAMS 0x0000000086200000, 0x0000000086200000| Untracked 
|  99|0x0000000086300000, 0x0000000086300000, 0x0000000086400000|  0%| F|  |TAMS 0x0000000086300000, 0x0000000086300000| Untracked 
| 100|0x0000000086400000, 0x00000000864acf80, 0x0000000086500000| 67%| S|CS|TAMS 0x0000000086400000, 0x0000000086400000| Complete 
| 101|0x0000000086500000, 0x0000000086600000, 0x0000000086600000|100%| S|CS|TAMS 0x0000000086500000, 0x0000000086500000| Complete 
| 102|0x0000000086600000, 0x0000000086600000, 0x0000000086700000|  0%| F|  |TAMS 0x0000000086600000, 0x0000000086600000| Untracked 
| 103|0x0000000086700000, 0x0000000086700000, 0x0000000086800000|  0%| F|  |TAMS 0x0000000086700000, 0x0000000086700000| Untracked 
| 104|0x0000000086800000, 0x0000000086800000, 0x0000000086900000|  0%| F|  |TAMS 0x0000000086800000, 0x0000000086800000| Untracked 
| 105|0x0000000086900000, 0x0000000086900000, 0x0000000086a00000|  0%| F|  |TAMS 0x0000000086900000, 0x0000000086900000| Untracked 
| 106|0x0000000086a00000, 0x0000000086b00000, 0x0000000086b00000|100%| S|CS|TAMS 0x0000000086a00000, 0x0000000086a00000| Complete 
| 107|0x0000000086b00000, 0x0000000086c00000, 0x0000000086c00000|100%| S|CS|TAMS 0x0000000086b00000, 0x0000000086b00000| Complete 
| 108|0x0000000086c00000, 0x0000000086c00000, 0x0000000086d00000|  0%| F|  |TAMS 0x0000000086c00000, 0x0000000086c00000| Untracked 
| 109|0x0000000086d00000, 0x0000000086d00000, 0x0000000086e00000|  0%| F|  |TAMS 0x0000000086d00000, 0x0000000086d00000| Untracked 
| 110|0x0000000086e00000, 0x0000000086e00000, 0x0000000086f00000|  0%| F|  |TAMS 0x0000000086e00000, 0x0000000086e00000| Untracked 
| 111|0x0000000086f00000, 0x0000000086f00000, 0x0000000087000000|  0%| F|  |TAMS 0x0000000086f00000, 0x0000000086f00000| Untracked 
| 112|0x0000000087000000, 0x0000000087000000, 0x0000000087100000|  0%| F|  |TAMS 0x0000000087000000, 0x0000000087000000| Untracked 
| 113|0x0000000087100000, 0x0000000087100000, 0x0000000087200000|  0%| F|  |TAMS 0x0000000087100000, 0x0000000087100000| Untracked 
| 114|0x0000000087200000, 0x0000000087200000, 0x0000000087300000|  0%| F|  |TAMS 0x0000000087200000, 0x0000000087200000| Untracked 
| 115|0x0000000087300000, 0x0000000087300000, 0x0000000087400000|  0%| F|  |TAMS 0x0000000087300000, 0x0000000087300000| Untracked 
| 116|0x0000000087400000, 0x0000000087400000, 0x0000000087500000|  0%| F|  |TAMS 0x0000000087400000, 0x0000000087400000| Untracked 
| 117|0x0000000087500000, 0x0000000087500000, 0x0000000087600000|  0%| F|  |TAMS 0x0000000087500000, 0x0000000087500000| Untracked 
| 118|0x0000000087600000, 0x0000000087600000, 0x0000000087700000|  0%| F|  |TAMS 0x0000000087600000, 0x0000000087600000| Untracked 
| 119|0x0000000087700000, 0x0000000087700000, 0x0000000087800000|  0%| F|  |TAMS 0x0000000087700000, 0x0000000087700000| Untracked 
| 120|0x0000000087800000, 0x0000000087800000, 0x0000000087900000|  0%| F|  |TAMS 0x0000000087800000, 0x0000000087800000| Untracked 
| 121|0x0000000087900000, 0x0000000087900000, 0x0000000087a00000|  0%| F|  |TAMS 0x0000000087900000, 0x0000000087900000| Untracked 
| 122|0x0000000087a00000, 0x0000000087a00000, 0x0000000087b00000|  0%| F|  |TAMS 0x0000000087a00000, 0x0000000087a00000| Untracked 
| 123|0x0000000087b00000, 0x0000000087b00000, 0x0000000087c00000|  0%| F|  |TAMS 0x0000000087b00000, 0x0000000087b00000| Untracked 
| 124|0x0000000087c00000, 0x0000000087c00000, 0x0000000087d00000|  0%| F|  |TAMS 0x0000000087c00000, 0x0000000087c00000| Untracked 
| 125|0x0000000087d00000, 0x0000000087d00000, 0x0000000087e00000|  0%| F|  |TAMS 0x0000000087d00000, 0x0000000087d00000| Untracked 
| 126|0x0000000087e00000, 0x0000000087e00000, 0x0000000087f00000|  0%| F|  |TAMS 0x0000000087e00000, 0x0000000087e00000| Untracked 
| 127|0x0000000087f00000, 0x0000000087f00000, 0x0000000088000000|  0%| F|  |TAMS 0x0000000087f00000, 0x0000000087f00000| Untracked 
| 128|0x0000000088000000, 0x0000000088000000, 0x0000000088100000|  0%| F|  |TAMS 0x0000000088000000, 0x0000000088000000| Untracked 
| 129|0x0000000088100000, 0x0000000088100000, 0x0000000088200000|  0%| F|  |TAMS 0x0000000088100000, 0x0000000088100000| Untracked 
| 130|0x0000000088200000, 0x0000000088200000, 0x0000000088300000|  0%| F|  |TAMS 0x0000000088200000, 0x0000000088200000| Untracked 
| 131|0x0000000088300000, 0x0000000088300000, 0x0000000088400000|  0%| F|  |TAMS 0x0000000088300000, 0x0000000088300000| Untracked 
| 132|0x0000000088400000, 0x0000000088400000, 0x0000000088500000|  0%| F|  |TAMS 0x0000000088400000, 0x0000000088400000| Untracked 
| 133|0x0000000088500000, 0x0000000088500000, 0x0000000088600000|  0%| F|  |TAMS 0x0000000088500000, 0x0000000088500000| Untracked 
| 134|0x0000000088600000, 0x0000000088600000, 0x0000000088700000|  0%| F|  |TAMS 0x0000000088600000, 0x0000000088600000| Untracked 
| 135|0x0000000088700000, 0x0000000088700000, 0x0000000088800000|  0%| F|  |TAMS 0x0000000088700000, 0x0000000088700000| Untracked 
| 136|0x0000000088800000, 0x0000000088800000, 0x0000000088900000|  0%| F|  |TAMS 0x0000000088800000, 0x0000000088800000| Untracked 
| 137|0x0000000088900000, 0x0000000088900000, 0x0000000088a00000|  0%| F|  |TAMS 0x0000000088900000, 0x0000000088900000| Untracked 
| 138|0x0000000088a00000, 0x0000000088a00000, 0x0000000088b00000|  0%| F|  |TAMS 0x0000000088a00000, 0x0000000088a00000| Untracked 
| 139|0x0000000088b00000, 0x0000000088b00000, 0x0000000088c00000|  0%| F|  |TAMS 0x0000000088b00000, 0x0000000088b00000| Untracked 
| 140|0x0000000088c00000, 0x0000000088c00000, 0x0000000088d00000|  0%| F|  |TAMS 0x0000000088c00000, 0x0000000088c00000| Untracked 
| 141|0x0000000088d00000, 0x0000000088d00000, 0x0000000088e00000|  0%| F|  |TAMS 0x0000000088d00000, 0x0000000088d00000| Untracked 
| 142|0x0000000088e00000, 0x0000000088e00000, 0x0000000088f00000|  0%| F|  |TAMS 0x0000000088e00000, 0x0000000088e00000| Untracked 
| 143|0x0000000088f00000, 0x0000000088f00000, 0x0000000089000000|  0%| F|  |TAMS 0x0000000088f00000, 0x0000000088f00000| Untracked 
| 144|0x0000000089000000, 0x0000000089000000, 0x0000000089100000|  0%| F|  |TAMS 0x0000000089000000, 0x0000000089000000| Untracked 
| 145|0x0000000089100000, 0x0000000089100000, 0x0000000089200000|  0%| F|  |TAMS 0x0000000089100000, 0x0000000089100000| Untracked 
| 146|0x0000000089200000, 0x0000000089200000, 0x0000000089300000|  0%| F|  |TAMS 0x0000000089200000, 0x0000000089200000| Untracked 
| 147|0x0000000089300000, 0x0000000089300000, 0x0000000089400000|  0%| F|  |TAMS 0x0000000089300000, 0x0000000089300000| Untracked 
| 148|0x0000000089400000, 0x0000000089400000, 0x0000000089500000|  0%| F|  |TAMS 0x0000000089400000, 0x0000000089400000| Untracked 
| 149|0x0000000089500000, 0x0000000089500000, 0x0000000089600000|  0%| F|  |TAMS 0x0000000089500000, 0x0000000089500000| Untracked 
| 150|0x0000000089600000, 0x0000000089600000, 0x0000000089700000|  0%| F|  |TAMS 0x0000000089600000, 0x0000000089600000| Untracked 
| 151|0x0000000089700000, 0x0000000089700000, 0x0000000089800000|  0%| F|  |TAMS 0x0000000089700000, 0x0000000089700000| Untracked 
| 152|0x0000000089800000, 0x0000000089800000, 0x0000000089900000|  0%| F|  |TAMS 0x0000000089800000, 0x0000000089800000| Untracked 
| 153|0x0000000089900000, 0x0000000089a00000, 0x0000000089a00000|100%| E|  |TAMS 0x0000000089900000, 0x0000000089900000| Complete 

Card table byte_map: [0x0000025a2b200000,0x0000025a2b600000] _byte_map_base: 0x0000025a2ae00000

Marking Bits (Prev, Next): (CMBitMap*) 0x0000025a166c84a0, (CMBitMap*) 0x0000025a166c8468
 Prev Bits: [0x0000025a2da00000, 0x0000025a2fa00000)
 Next Bits: [0x0000025a2ba00000, 0x0000025a2da00000)

Polling page: 0x0000025a16470000

Metaspace:

Usage:
  Non-class:     60.99 MB capacity,    59.77 MB ( 98%) used,     1.08 MB (  2%) free+waste,   151.56 KB ( <1%) overhead. 
      Class:      9.45 MB capacity,     8.81 MB ( 93%) used,   575.02 KB (  6%) free+waste,    71.31 KB ( <1%) overhead. 
       Both:     70.44 MB capacity,    68.58 MB ( 97%) used,     1.64 MB (  2%) free+waste,   222.88 KB ( <1%) overhead. 

Virtual space:
  Non-class space:       62.00 MB reserved,      61.13 MB ( 99%) committed 
      Class space:        1.00 GB reserved,       9.50 MB ( <1%) committed 
             Both:        1.06 GB reserved,      70.63 MB (  7%) committed 

Chunk freelists:
   Non-Class:  6.00 KB
       Class:  0 bytes
        Both:  6.00 KB

MaxMetaspaceSize: 17179869184.00 GB
CompressedClassSpaceSize: 1.00 GB

CodeHeap 'non-profiled nmethods': size=120064Kb used=3875Kb max_used=3875Kb free=116188Kb
 bounds [0x0000025a232a0000, 0x0000025a23670000, 0x0000025a2a7e0000]
CodeHeap 'profiled nmethods': size=120000Kb used=14435Kb max_used=14435Kb free=105564Kb
 bounds [0x0000025a1bd70000, 0x0000025a1cb90000, 0x0000025a232a0000]
CodeHeap 'non-nmethods': size=5696Kb used=2257Kb max_used=2312Kb free=3438Kb
 bounds [0x0000025a1b7e0000, 0x0000025a1ba50000, 0x0000025a1bd70000]
 total_blobs=7313 nmethods=6458 adapters=766
 compilation: enabled
              stopped_count=0, restarted_count=0
 full_count=0

Compilation events (20 events):
Event: 27.235 Thread 0x0000025a328fd800 6668       3       java.lang.Character::isLowerCase (5 bytes)
Event: 27.236 Thread 0x0000025a328fd800 nmethod 6668 0x0000025a1cb59790 code [0x0000025a1cb59980, 0x0000025a1cb59d58]
Event: 27.236 Thread 0x0000025a328fd800 6669       3       java.lang.Character::isLowerCase (28 bytes)
Event: 27.237 Thread 0x0000025a328fd800 nmethod 6669 0x0000025a1cb59e90 code [0x0000025a1cb5a080, 0x0000025a1cb5a3f8]
Event: 27.247 Thread 0x0000025a328fd800 6671       3       com.google.common.collect.Sets$ImprovedAbstractSet::<init> (5 bytes)
Event: 27.248 Thread 0x0000025a328fd800 nmethod 6671 0x0000025a1cb5a510 code [0x0000025a1cb5a6e0, 0x0000025a1cb5a8f8]
Event: 27.248 Thread 0x0000025a328fd800 6672       3       com.google.common.collect.AbstractMapBasedMultimap$WrappedCollection$WrappedIterator::next (14 bytes)
Event: 27.249 Thread 0x0000025a328fd800 nmethod 6672 0x0000025a1cb5aa10 code [0x0000025a1cb5ac00, 0x0000025a1cb5b008]
Event: 27.258 Thread 0x0000025a328fd800 6673       3       com.google.common.collect.ImmutableMap::builder (8 bytes)
Event: 27.258 Thread 0x0000025a328fd800 nmethod 6673 0x0000025a1cb5b190 code [0x0000025a1cb5b360, 0x0000025a1cb5b6b8]
Event: 27.258 Thread 0x0000025a328fd800 6674       3       com.google.common.collect.ImmutableMap$Builder::<init> (6 bytes)
Event: 27.259 Thread 0x0000025a328fd800 nmethod 6674 0x0000025a1cb5b810 code [0x0000025a1cb5b9e0, 0x0000025a1cb5bc98]
Event: 27.272 Thread 0x0000025a328fd800 6676       1       org.gradle.internal.reflect.annotations.impl.DefaultPropertyAnnotationMetadata::getAnnotations (5 bytes)
Event: 27.272 Thread 0x0000025a328fd800 nmethod 6676 0x0000025a23666010 code [0x0000025a236661c0, 0x0000025a23666278]
Event: 27.274 Thread 0x0000025a328fd800 6677       3       java.lang.reflect.Constructor::isSynthetic (5 bytes)
Event: 27.275 Thread 0x0000025a328fd800 nmethod 6677 0x0000025a1cb5bd90 code [0x0000025a1cb5bf60, 0x0000025a1cb5c198]
Event: 27.279 Thread 0x0000025a328fd800 6678       3       java.lang.String::toUpperCase (8 bytes)
Event: 27.279 Thread 0x0000025a328fd800 nmethod 6678 0x0000025a1cb5c290 code [0x0000025a1cb5c480, 0x0000025a1cb5c7f8]
Event: 27.285 Thread 0x0000025a328fd800 6679       1       org.gradle.internal.reflect.annotations.impl.DefaultPropertyAnnotationMetadata::getPropertyName (5 bytes)
Event: 27.285 Thread 0x0000025a328fd800 nmethod 6679 0x0000025a23666310 code [0x0000025a236664c0, 0x0000025a23666578]

GC Heap History (20 events):
Event: 10.992 GC heap before
{Heap before GC invocations=7 (full 0):
 garbage-first heap   total 131072K, used 82645K [0x0000000080000000, 0x0000000100000000)
  region size 1024K, 58 young (59392K), 4 survivors (4096K)
 Metaspace       used 34648K, capacity 35470K, committed 35584K, reserved 1079296K
  class space    used 4516K, capacity 4827K, committed 4864K, reserved 1048576K
}
Event: 11.015 GC heap after
{Heap after GC invocations=8 (full 0):
 garbage-first heap   total 131072K, used 33464K [0x0000000080000000, 0x0000000100000000)
  region size 1024K, 8 young (8192K), 8 survivors (8192K)
 Metaspace       used 34648K, capacity 35470K, committed 35584K, reserved 1079296K
  class space    used 4516K, capacity 4827K, committed 4864K, reserved 1048576K
}
Event: 11.075 GC heap before
{Heap before GC invocations=8 (full 0):
 garbage-first heap   total 131072K, used 34488K [0x0000000080000000, 0x0000000100000000)
  region size 1024K, 10 young (10240K), 8 survivors (8192K)
 Metaspace       used 34902K, capacity 35770K, committed 35840K, reserved 1081344K
  class space    used 4552K, capacity 4843K, committed 4864K, reserved 1048576K
}
Event: 11.101 GC heap after
{Heap after GC invocations=9 (full 0):
 garbage-first heap   total 131072K, used 34832K [0x0000000080000000, 0x0000000100000000)
  region size 1024K, 1 young (1024K), 1 survivors (1024K)
 Metaspace       used 34902K, capacity 35770K, committed 35840K, reserved 1081344K
  class space    used 4552K, capacity 4843K, committed 4864K, reserved 1048576K
}
Event: 12.266 GC heap before
{Heap before GC invocations=10 (full 0):
 garbage-first heap   total 131072K, used 73744K [0x0000000080000000, 0x0000000100000000)
  region size 1024K, 37 young (37888K), 1 survivors (1024K)
 Metaspace       used 39266K, capacity 40264K, committed 40524K, reserved 1085440K
  class space    used 5059K, capacity 5428K, committed 5504K, reserved 1048576K
}
Event: 12.279 GC heap after
{Heap after GC invocations=11 (full 0):
 garbage-first heap   total 157696K, used 35604K [0x0000000080000000, 0x0000000100000000)
  region size 1024K, 2 young (2048K), 2 survivors (2048K)
 Metaspace       used 39266K, capacity 40264K, committed 40524K, reserved 1085440K
  class space    used 5059K, capacity 5428K, committed 5504K, reserved 1048576K
}
Event: 14.623 GC heap before
{Heap before GC invocations=11 (full 0):
 garbage-first heap   total 157696K, used 93972K [0x0000000080000000, 0x0000000100000000)
  region size 1024K, 52 young (53248K), 2 survivors (2048K)
 Metaspace       used 43231K, capacity 44324K, committed 44620K, reserved 1087488K
  class space    used 5528K, capacity 5898K, committed 6016K, reserved 1048576K
}
Event: 14.640 GC heap after
{Heap after GC invocations=12 (full 0):
 garbage-first heap   total 157696K, used 48568K [0x0000000080000000, 0x0000000100000000)
  region size 1024K, 7 young (7168K), 7 survivors (7168K)
 Metaspace       used 43231K, capacity 44324K, committed 44620K, reserved 1087488K
  class space    used 5528K, capacity 5898K, committed 6016K, reserved 1048576K
}
Event: 16.958 GC heap before
{Heap before GC invocations=12 (full 0):
 garbage-first heap   total 157696K, used 98744K [0x0000000080000000, 0x0000000100000000)
  region size 1024K, 56 young (57344K), 7 survivors (7168K)
 Metaspace       used 46251K, capacity 47578K, committed 47948K, reserved 1091584K
  class space    used 5952K, capacity 6401K, committed 6528K, reserved 1048576K
}
Event: 16.983 GC heap after
{Heap after GC invocations=13 (full 0):
 garbage-first heap   total 157696K, used 52297K [0x0000000080000000, 0x0000000100000000)
  region size 1024K, 4 young (4096K), 4 survivors (4096K)
 Metaspace       used 46251K, capacity 47578K, committed 47948K, reserved 1091584K
  class space    used 5952K, capacity 6401K, committed 6528K, reserved 1048576K
}
Event: 19.047 GC heap before
{Heap before GC invocations=13 (full 0):
 garbage-first heap   total 157696K, used 105545K [0x0000000080000000, 0x0000000100000000)
  region size 1024K, 54 young (55296K), 4 survivors (4096K)
 Metaspace       used 50071K, capacity 51601K, committed 51916K, reserved 1093632K
  class space    used 6329K, capacity 6839K, committed 6912K, reserved 1048576K
}
Event: 19.065 GC heap after
{Heap after GC invocations=14 (full 0):
 garbage-first heap   total 157696K, used 63703K [0x0000000080000000, 0x0000000100000000)
  region size 1024K, 7 young (7168K), 7 survivors (7168K)
 Metaspace       used 50071K, capacity 51601K, committed 51916K, reserved 1093632K
  class space    used 6329K, capacity 6839K, committed 6912K, reserved 1048576K
}
Event: 21.712 GC heap before
{Heap before GC invocations=14 (full 0):
 garbage-first heap   total 157696K, used 110807K [0x0000000080000000, 0x0000000100000000)
  region size 1024K, 53 young (54272K), 7 survivors (7168K)
 Metaspace       used 56775K, capacity 58409K, committed 58700K, reserved 1099776K
  class space    used 7139K, capacity 7684K, committed 7808K, reserved 1048576K
}
Event: 21.727 GC heap after
{Heap after GC invocations=15 (full 0):
 garbage-first heap   total 157696K, used 66177K [0x0000000080000000, 0x0000000100000000)
  region size 1024K, 3 young (3072K), 3 survivors (3072K)
 Metaspace       used 56775K, capacity 58409K, committed 58700K, reserved 1099776K
  class space    used 7139K, capacity 7684K, committed 7808K, reserved 1048576K
}
Event: 22.456 GC heap before
{Heap before GC invocations=15 (full 0):
 garbage-first heap   total 157696K, used 79489K [0x0000000080000000, 0x0000000100000000)
  region size 1024K, 17 young (17408K), 3 survivors (3072K)
 Metaspace       used 58595K, capacity 60185K, committed 60288K, reserved 1101824K
  class space    used 7354K, capacity 7908K, committed 7936K, reserved 1048576K
}
Event: 22.468 GC heap after
{Heap after GC invocations=16 (full 0):
 garbage-first heap   total 157696K, used 66360K [0x0000000080000000, 0x0000000100000000)
  region size 1024K, 3 young (3072K), 3 survivors (3072K)
 Metaspace       used 58595K, capacity 60185K, committed 60288K, reserved 1101824K
  class space    used 7354K, capacity 7908K, committed 7936K, reserved 1048576K
}
Event: 24.617 GC heap before
{Heap before GC invocations=17 (full 0):
 garbage-first heap   total 157696K, used 116536K [0x0000000080000000, 0x0000000100000000)
  region size 1024K, 52 young (53248K), 3 survivors (3072K)
 Metaspace       used 64112K, capacity 65872K, committed 66176K, reserved 1107968K
  class space    used 8028K, capacity 8618K, committed 8704K, reserved 1048576K
}
Event: 24.636 GC heap after
{Heap after GC invocations=18 (full 0):
 garbage-first heap   total 157696K, used 71163K [0x0000000080000000, 0x0000000100000000)
  region size 1024K, 7 young (7168K), 7 survivors (7168K)
 Metaspace       used 64112K, capacity 65872K, committed 66176K, reserved 1107968K
  class space    used 8028K, capacity 8618K, committed 8704K, reserved 1048576K
}
Event: 26.119 GC heap before
{Heap before GC invocations=18 (full 0):
 garbage-first heap   total 157696K, used 120315K [0x0000000080000000, 0x0000000100000000)
  region size 1024K, 55 young (56320K), 7 survivors (7168K)
 Metaspace       used 66678K, capacity 68535K, committed 68608K, reserved 1110016K
  class space    used 8410K, capacity 9055K, committed 9088K, reserved 1048576K
}
Event: 26.142 GC heap after
{Heap after GC invocations=19 (full 0):
 garbage-first heap   total 157696K, used 74549K [0x0000000080000000, 0x0000000100000000)
  region size 1024K, 5 young (5120K), 5 survivors (5120K)
 Metaspace       used 66678K, capacity 68535K, committed 68608K, reserved 1110016K
  class space    used 8410K, capacity 9055K, committed 9088K, reserved 1048576K
}

Deoptimization events (20 events):
Event: 24.802 Thread 0x0000025a344c0800 Uncommon trap: trap_request=0xffffff4d fr.pc=0x0000025a234ab39c relative=0x000000000000557c
Event: 24.802 Thread 0x0000025a344c0800 Uncommon trap: reason=unstable_if action=reinterpret pc=0x0000025a234ab39c method=groovy.lang.MetaClassImpl$1MOPIter.methodNameAction(Ljava/lang/Class;Lorg/codehaus/groovy/runtime/metaclass/MetaMethodIndex$Entry;)V @ 182 c2
Event: 24.802 Thread 0x0000025a344c0800 DEOPT PACKING pc=0x0000025a234ab39c sp=0x0000006e7d3f6d80
Event: 24.802 Thread 0x0000025a344c0800 DEOPT UNPACKING pc=0x0000025a1b80742f sp=0x0000006e7d3f6d60 mode 2
Event: 25.138 Thread 0x0000025a344c0800 Uncommon trap: trap_request=0xffffffde fr.pc=0x0000025a233dd980 relative=0x00000000000009a0
Event: 25.138 Thread 0x0000025a344c0800 Uncommon trap: reason=class_check action=maybe_recompile pc=0x0000025a233dd980 method=java.util.WeakHashMap.eq(Ljava/lang/Object;Ljava/lang/Object;)Z @ 7 c2
Event: 25.138 Thread 0x0000025a344c0800 DEOPT PACKING pc=0x0000025a233dd980 sp=0x0000006e7d3f42c0
Event: 25.138 Thread 0x0000025a344c0800 DEOPT UNPACKING pc=0x0000025a1b80742f sp=0x0000006e7d3f4230 mode 2
Event: 25.170 Thread 0x0000025a344c0800 Uncommon trap: trap_request=0xfffffff4 fr.pc=0x0000025a2361c850 relative=0x0000000000000830
Event: 25.170 Thread 0x0000025a344c0800 Uncommon trap: reason=null_check action=make_not_entrant pc=0x0000025a2361c850 method=com.sun.beans.introspect.MethodInfo$MethodOrder.compare(Ljava/lang/reflect/Method;Ljava/lang/reflect/Method;)I @ 133 c2
Event: 25.170 Thread 0x0000025a344c0800 DEOPT PACKING pc=0x0000025a2361c850 sp=0x0000006e7d3f3000
Event: 25.170 Thread 0x0000025a344c0800 DEOPT UNPACKING pc=0x0000025a1b80742f sp=0x0000006e7d3f2fa0 mode 2
Event: 25.268 Thread 0x0000025a344c0800 Uncommon trap: trap_request=0xfffffff4 fr.pc=0x0000025a234cda4c relative=0x000000000000074c
Event: 25.268 Thread 0x0000025a344c0800 Uncommon trap: reason=null_check action=make_not_entrant pc=0x0000025a234cda4c method=org.gradle.util.internal.SimpleMapInterner.intern(Ljava/lang/Object;)Ljava/lang/Object; @ 2 c2
Event: 25.268 Thread 0x0000025a344c0800 DEOPT PACKING pc=0x0000025a234cda4c sp=0x0000006e7d3f7bf0
Event: 25.268 Thread 0x0000025a344c0800 DEOPT UNPACKING pc=0x0000025a1b80742f sp=0x0000006e7d3f7bb8 mode 2
Event: 25.268 Thread 0x0000025a344c0800 Uncommon trap: trap_request=0xffffff4d fr.pc=0x0000025a234d0e34 relative=0x0000000000000734
Event: 25.268 Thread 0x0000025a344c0800 Uncommon trap: reason=unstable_if action=reinterpret pc=0x0000025a234d0e34 method=org.gradle.util.internal.SimpleMapInterner.intern(Ljava/lang/String;)Ljava/lang/String; @ 1 c2
Event: 25.268 Thread 0x0000025a344c0800 DEOPT PACKING pc=0x0000025a234d0e34 sp=0x0000006e7d3f7b80
Event: 25.268 Thread 0x0000025a344c0800 DEOPT UNPACKING pc=0x0000025a1b80742f sp=0x0000006e7d3f7b48 mode 2

Classes redefined (0 events):
No events

Internal exceptions (20 events):
Event: 25.204 Thread 0x0000025a344c0800 Exception <a 'java/lang/ClassNotFoundException'{0x0000000087fe7a18}: org/gradle/api/JavaVersionBeanInfo> (0x0000000087fe7a18) thrown at [./src/hotspot/share/classfile/systemDictionary.cpp, line 231]
Event: 25.206 Thread 0x0000025a344c0800 Exception <a 'java/lang/ClassNotFoundException'{0x0000000087e0cb70}: org/gradle/api/JavaVersionCustomizer> (0x0000000087e0cb70) thrown at [./src/hotspot/share/classfile/systemDictionary.cpp, line 231]
Event: 25.212 Thread 0x0000025a344c0800 Exception <a 'java/lang/ClassNotFoundException'{0x0000000087e5f960}: com/android/build/gradle/internal/CompileOptions_DecoratedBeanInfo> (0x0000000087e5f960) thrown at [./src/hotspot/share/classfile/systemDictionary.cpp, line 231]
Event: 25.213 Thread 0x0000025a344c0800 Exception <a 'java/lang/ClassNotFoundException'{0x0000000087e762c8}: com/android/build/gradle/internal/CompileOptionsBeanInfo> (0x0000000087e762c8) thrown at [./src/hotspot/share/classfile/systemDictionary.cpp, line 231]
Event: 25.214 Thread 0x0000025a344c0800 Exception <a 'java/lang/ClassNotFoundException'{0x0000000087e8d508}: com/android/build/gradle/internal/CompileOptionsCustomizer> (0x0000000087e8d508) thrown at [./src/hotspot/share/classfile/systemDictionary.cpp, line 231]
Event: 25.216 Thread 0x0000025a344c0800 Exception <a 'java/lang/ClassNotFoundException'{0x0000000087eb0c18}: com/android/build/gradle/internal/CompileOptions_DecoratedCustomizer> (0x0000000087eb0c18) thrown at [./src/hotspot/share/classfile/systemDictionary.cpp, line 231]
Event: 25.227 Thread 0x0000025a344c0800 Exception <a 'java/lang/ClassNotFoundException'{0x0000000087d490d0}: com/android/build/gradle/internal/dsl/ApplicationBuildFeaturesImpl_DecoratedBeanInfo> (0x0000000087d490d0) thrown at [./src/hotspot/share/classfile/systemDictionary.cpp, line 231]
Event: 25.228 Thread 0x0000025a344c0800 Exception <a 'java/lang/ClassNotFoundException'{0x0000000087d62240}: com/android/build/gradle/internal/dsl/ApplicationBuildFeaturesImplBeanInfo> (0x0000000087d62240) thrown at [./src/hotspot/share/classfile/systemDictionary.cpp, line 231]
Event: 25.229 Thread 0x0000025a344c0800 Exception <a 'java/lang/ClassNotFoundException'{0x0000000087d79c58}: com/android/build/gradle/internal/dsl/BuildFeaturesImplBeanInfo> (0x0000000087d79c58) thrown at [./src/hotspot/share/classfile/systemDictionary.cpp, line 231]
Event: 25.230 Thread 0x0000025a344c0800 Exception <a 'java/lang/ClassNotFoundException'{0x0000000087d91900}: com/android/build/gradle/internal/dsl/BuildFeaturesImplCustomizer> (0x0000000087d91900) thrown at [./src/hotspot/share/classfile/systemDictionary.cpp, line 231]
Event: 25.232 Thread 0x0000025a344c0800 Exception <a 'java/lang/ClassNotFoundException'{0x0000000087db6110}: com/android/build/gradle/internal/dsl/ApplicationBuildFeaturesImplCustomizer> (0x0000000087db6110) thrown at [./src/hotspot/share/classfile/systemDictionary.cpp, line 231]
Event: 25.233 Thread 0x0000025a344c0800 Exception <a 'java/lang/ClassNotFoundException'{0x0000000087dd6868}: com/android/build/gradle/internal/dsl/ApplicationBuildFeaturesImpl_DecoratedCustomizer> (0x0000000087dd6868) thrown at [./src/hotspot/share/classfile/systemDictionary.cpp, line 231]
Event: 25.248 Thread 0x0000025a344c0800 Exception <a 'java/lang/ClassNotFoundException'{0x0000000087cc2920}: groovy/lang/GString$1BeanInfo> (0x0000000087cc2920) thrown at [./src/hotspot/share/classfile/systemDictionary.cpp, line 231]
Event: 25.249 Thread 0x0000025a344c0800 Exception <a 'java/lang/ClassNotFoundException'{0x0000000087ce3560}: groovy/lang/GStringBeanInfo> (0x0000000087ce3560) thrown at [./src/hotspot/share/classfile/systemDictionary.cpp, line 231]
Event: 25.251 Thread 0x0000025a344c0800 Exception <a 'java/lang/ClassNotFoundException'{0x0000000087b046a8}: groovy/lang/GStringCustomizer> (0x0000000087b046a8) thrown at [./src/hotspot/share/classfile/systemDictionary.cpp, line 231]
Event: 25.254 Thread 0x0000025a344c0800 Exception <a 'java/lang/ClassNotFoundException'{0x0000000087b2f388}: groovy/lang/GString$1Customizer> (0x0000000087b2f388) thrown at [./src/hotspot/share/classfile/systemDictionary.cpp, line 231]
Event: 25.260 Thread 0x0000025a344c0800 Exception <a 'java/lang/ClassNotFoundException'{0x0000000087bcded8}: org/codehaus/groovy/runtime/GStringImplBeanInfo> (0x0000000087bcded8) thrown at [./src/hotspot/share/classfile/systemDictionary.cpp, line 231]
Event: 25.261 Thread 0x0000025a344c0800 Exception <a 'java/lang/ClassNotFoundException'{0x0000000087bf3120}: org/codehaus/groovy/runtime/GStringImplCustomizer> (0x0000000087bf3120) thrown at [./src/hotspot/share/classfile/systemDictionary.cpp, line 231]
Event: 25.268 Thread 0x0000025a344c0800 Implicit null exception at 0x0000025a234cd331 to 0x0000025a234cda3d
Event: 25.268 Thread 0x0000025a344c0800 Implicit null exception at 0x0000025a234d0736 to 0x0000025a234d0e20

Events (20 events):
Event: 27.316 loading class com/android/build/gradle/tasks/ExternalNativeBuildTask
Event: 27.316 loading class com/android/build/gradle/tasks/ExternalNativeBuildTask done
Event: 27.338 loading class com/android/build/gradle/internal/dsl/VariantOutputFactory
Event: 27.338 loading class com/android/build/gradle/internal/dsl/VariantOutputFactory done
Event: 27.339 loading class com/android/build/gradle/internal/api/ApkVariantOutputImpl
Event: 27.339 loading class com/android/build/gradle/internal/api/ApkVariantOutputImpl done
Event: 27.340 loading class com/android/build/gradle/api/ApkVariantOutput
Event: 27.340 loading class com/android/build/gradle/api/ApkVariantOutput done
Event: 27.341 loading class com/android/build/gradle/internal/api/BaseVariantOutputImpl
Event: 27.341 loading class com/android/build/gradle/internal/api/BaseVariantOutputImpl done
Event: 27.342 loading class com/android/build/api/variant/impl/VariantOutputImpl
Event: 27.342 loading class com/android/build/api/variant/impl/VariantOutputImpl done
Event: 27.342 loading class com/android/build/api/variant/impl/VariantOutputImpl
Event: 27.342 loading class com/android/build/api/variant/impl/VariantOutputImpl done
Event: 27.342 loading class com/android/build/gradle/internal/dsl/VariantOutputFactory
Event: 27.342 loading class com/android/build/gradle/internal/dsl/VariantOutputFactory done
Event: 27.344 loading class com/android/build/api/variant/FilterConfiguration
Event: 27.344 loading class com/android/build/api/variant/FilterConfiguration done
Event: 27.344 loading class com/android/build/gradle/internal/ide/FilterDataImpl
Event: 27.344 loading class com/android/build/gradle/internal/ide/FilterDataImpl done


Dynamic libraries:
0x00007ff790bb0000 - 0x00007ff790bba000 	E:\android2\jre\bin\java.exe
0x00007ffaca0f0000 - 0x00007ffaca2d0000 	C:\WINDOWS\SYSTEM32\ntdll.dll
0x00007ffac9500000 - 0x00007ffac95ae000 	C:\WINDOWS\System32\KERNEL32.DLL
0x00007ffac6790000 - 0x00007ffac69f6000 	C:\WINDOWS\System32\KERNELBASE.dll
0x00007ffac6690000 - 0x00007ffac6786000 	C:\WINDOWS\System32\ucrtbase.dll
0x00007ffac10b0000 - 0x00007ffac10c7000 	E:\android2\jre\bin\VCRUNTIME140.dll
0x00007ffac2e70000 - 0x00007ffac2e89000 	E:\android2\jre\bin\jli.dll
0x00007ffac7ab0000 - 0x00007ffac7c3f000 	C:\WINDOWS\System32\USER32.dll
0x00007ffabb030000 - 0x00007ffabb299000 	C:\WINDOWS\WinSxS\amd64_microsoft.windows.common-controls_6595b64144ccf1df_6.0.16299.125_none_15cbcf8893620c09\COMCTL32.dll
0x00007ffac7470000 - 0x00007ffac7490000 	C:\WINDOWS\System32\win32u.dll
0x00007ffac90e0000 - 0x00007ffac917d000 	C:\WINDOWS\System32\msvcrt.dll
0x00007ffac7a00000 - 0x00007ffac7a28000 	C:\WINDOWS\System32\GDI32.dll
0x00007ffac9760000 - 0x00007ffac9a68000 	C:\WINDOWS\System32\combase.dll
0x00007ffac64f0000 - 0x00007ffac6683000 	C:\WINDOWS\System32\gdi32full.dll
0x00007ffac9fa0000 - 0x00007ffaca0bf000 	C:\WINDOWS\System32\RPCRT4.dll
0x00007ffac6bd0000 - 0x00007ffac6c6b000 	C:\WINDOWS\System32\msvcp_win.dll
0x00007ffac74f0000 - 0x00007ffac7562000 	C:\WINDOWS\System32\bcryptPrimitives.dll
0x00007ffac9680000 - 0x00007ffac96ad000 	C:\WINDOWS\System32\IMM32.DLL
0x00007ffaad750000 - 0x00007ffaad7ed000 	E:\android2\jre\bin\msvcp140.dll
0x00007ffa9a470000 - 0x00007ffa9af2c000 	E:\android2\jre\bin\server\jvm.dll
0x00007ffac96b0000 - 0x00007ffac9751000 	C:\WINDOWS\System32\ADVAPI32.dll
0x00007ffac7a40000 - 0x00007ffac7a9b000 	C:\WINDOWS\System32\sechost.dll
0x00007ffac7aa0000 - 0x00007ffac7aa8000 	C:\WINDOWS\System32\PSAPI.DLL
0x00007ffab2980000 - 0x00007ffab2989000 	C:\WINDOWS\SYSTEM32\WSOCK32.dll
0x00007ffac4440000 - 0x00007ffac4463000 	C:\WINDOWS\SYSTEM32\WINMM.dll
0x00007ffac75c0000 - 0x00007ffac762c000 	C:\WINDOWS\System32\WS2_32.dll
0x00007ffabb2b0000 - 0x00007ffabb2ba000 	C:\WINDOWS\SYSTEM32\VERSION.dll
0x00007ffac43e0000 - 0x00007ffac440a000 	C:\WINDOWS\SYSTEM32\WINMMBASE.dll
0x00007ffac7570000 - 0x00007ffac75ba000 	C:\WINDOWS\System32\cfgmgr32.dll
0x00007ffac64b0000 - 0x00007ffac64c1000 	C:\WINDOWS\System32\kernel.appcore.dll
0x00007ffac4620000 - 0x00007ffac4631000 	E:\android2\jre\bin\verify.dll
0x00007ffac5f40000 - 0x00007ffac6108000 	C:\WINDOWS\SYSTEM32\DBGHELP.DLL
0x00007ffac58c0000 - 0x00007ffac58e9000 	C:\WINDOWS\SYSTEM32\dbgcore.DLL
0x00007ffac45f0000 - 0x00007ffac4619000 	E:\android2\jre\bin\java.dll
0x00007ffaaef40000 - 0x00007ffaaef4b000 	E:\android2\jre\bin\jimage.dll
0x00007ffa9a430000 - 0x00007ffa9a448000 	E:\android2\jre\bin\zip.dll
0x00007ffac7c40000 - 0x00007ffac9076000 	C:\WINDOWS\System32\SHELL32.dll
0x00007ffac9450000 - 0x00007ffac94f6000 	C:\WINDOWS\System32\shcore.dll
0x00007ffac6d20000 - 0x00007ffac7467000 	C:\WINDOWS\System32\windows.storage.dll
0x00007ffac9f40000 - 0x00007ffac9f91000 	C:\WINDOWS\System32\shlwapi.dll
0x00007ffac6460000 - 0x00007ffac64ac000 	C:\WINDOWS\System32\powrprof.dll
0x00007ffac6440000 - 0x00007ffac645b000 	C:\WINDOWS\System32\profapi.dll
0x00007ffa9b2b0000 - 0x00007ffa9b2ca000 	E:\android2\jre\bin\net.dll
0x00007ffabe6f0000 - 0x00007ffabe7ce000 	C:\WINDOWS\SYSTEM32\WINHTTP.dll
0x00007ffac59e0000 - 0x00007ffac5a46000 	C:\WINDOWS\system32\mswsock.dll
0x00007ffa9b290000 - 0x00007ffa9b2a4000 	E:\android2\jre\bin\nio.dll
0x00007ffac2f30000 - 0x00007ffac2f57000 	C:\Users\M.Hamada\.gradle\wrapper\dists\native\fdc75f09e3144964f2cf3f50f0aa648679c211496f362492102eb8c894070792\windows-amd64\native-platform.dll
0x00007ffaad9d0000 - 0x00007ffaadb66000 	C:\Users\M.Hamada\.gradle\wrapper\dists\native\12488b8bf47d2d4c9fbf2f6322a914ad602e24e48041cd04a747c6da556b65c4\windows-amd64\native-platform-file-events.dll
0x00007ffaae270000 - 0x00007ffaae27a000 	E:\android2\jre\bin\management.dll
0x00007ffaad230000 - 0x00007ffaad23c000 	E:\android2\jre\bin\management_ext.dll
0x00007ffac6110000 - 0x00007ffac6127000 	C:\WINDOWS\SYSTEM32\CRYPTSP.dll
0x00007ffac5530000 - 0x00007ffac5563000 	C:\WINDOWS\system32\rsaenh.dll
0x00007ffac5f10000 - 0x00007ffac5f35000 	C:\WINDOWS\SYSTEM32\bcrypt.dll
0x00007ffac6340000 - 0x00007ffac6369000 	C:\WINDOWS\SYSTEM32\USERENV.dll
0x00007ffac5ba0000 - 0x00007ffac5bab000 	C:\WINDOWS\SYSTEM32\CRYPTBASE.dll
0x00007ffac56d0000 - 0x00007ffac5709000 	C:\WINDOWS\SYSTEM32\IPHLPAPI.DLL
0x00007ffac7a30000 - 0x00007ffac7a38000 	C:\WINDOWS\System32\NSI.dll
0x00007ffac0a80000 - 0x00007ffac0a96000 	C:\WINDOWS\SYSTEM32\dhcpcsvc6.DLL
0x00007ffac0a60000 - 0x00007ffac0a7a000 	C:\WINDOWS\SYSTEM32\dhcpcsvc.DLL
0x00007ffac0aa0000 - 0x00007ffac0aab000 	C:\WINDOWS\SYSTEM32\WINNSI.DLL

dbghelp: loaded successfully - version: 4.0.5 - missing functions: none
symbol engine: initialized successfully - sym options: 0x614 - pdb path: .;E:\android2\jre\bin;C:\WINDOWS\SYSTEM32;C:\WINDOWS\WinSxS\amd64_microsoft.windows.common-controls_6595b64144ccf1df_6.0.16299.125_none_15cbcf8893620c09;E:\android2\jre\bin\server;C:\Users\M.Hamada\.gradle\wrapper\dists\native\fdc75f09e3144964f2cf3f50f0aa648679c211496f362492102eb8c894070792\windows-amd64;C:\Users\M.Hamada\.gradle\wrapper\dists\native\12488b8bf47d2d4c9fbf2f6322a914ad602e24e48041cd04a747c6da556b65c4\windows-amd64

VM Arguments:
jvm_args: --add-opens=java.base/java.util=ALL-UNNAMED --add-opens=java.base/java.lang=ALL-UNNAMED --add-opens=java.base/java.lang.invoke=ALL-UNNAMED --add-opens=java.prefs/java.util.prefs=ALL-UNNAMED -Xmx2048m -Dfile.encoding=UTF-8 -Duser.country=US -Duser.language=en -Duser.variant 
java_command: org.gradle.launcher.daemon.bootstrap.GradleDaemon 6.7.1
java_class_path (initial): C:\Users\M.Hamada\.gradle\wrapper\dists\wrapper\dists\gradle-6.7.1-bin\bwlcbys1h7rz3272sye1xwiv6\gradle-6.7.1\lib\gradle-launcher-6.7.1.jar
Launcher Type: SUN_STANDARD

[Global flags]
     intx CICompilerCount                          = 3                                         {product} {ergonomic}
     uint ConcGCThreads                            = 1                                         {product} {ergonomic}
     uint G1ConcRefinementThreads                  = 4                                         {product} {ergonomic}
   size_t G1HeapRegionSize                         = 1048576                                   {product} {ergonomic}
    uintx GCDrainStackTargetSize                   = 64                                        {product} {ergonomic}
   size_t InitialHeapSize                          = 134217728                                 {product} {ergonomic}
   size_t MarkStackSize                            = 4194304                                   {product} {ergonomic}
   size_t MaxHeapSize                              = 2147483648                                {product} {command line}
   size_t MaxNewSize                               = 1287651328                                {product} {ergonomic}
   size_t MinHeapDeltaBytes                        = 1048576                                   {product} {ergonomic}
    uintx NonNMethodCodeHeapSize                   = 5830732                                {pd product} {ergonomic}
    uintx NonProfiledCodeHeapSize                  = 122913754                              {pd product} {ergonomic}
    uintx ProfiledCodeHeapSize                     = 122913754                              {pd product} {ergonomic}
    uintx ReservedCodeCacheSize                    = 251658240                              {pd product} {ergonomic}
     bool SegmentedCodeCache                       = true                                      {product} {ergonomic}
     bool UseCompressedClassPointers               = true                                 {lp64_product} {ergonomic}
     bool UseCompressedOops                        = true                                 {lp64_product} {ergonomic}
     bool UseG1GC                                  = true                                      {product} {ergonomic}
     bool UseLargePagesIndividualAllocation        = false                                  {pd product} {ergonomic}

Logging:
Log output configuration:
 #0: stdout all=warning uptime,level,tags
 #1: stderr all=off uptime,level,tags

Environment Variables:
PATH=C:\ProgramData\Oracle\Java\javapath;C:\WINDOWS\system32;C:\WINDOWS;C:\WINDOWS\System32\Wbem;C:\WINDOWS\System32\WindowsPowerShell\v1.0\;C:\Program Files\Git\cmd;E:\Anaconda;C:\Program Files\Redis\;C:\Program Files\MySQL\MySQL Server 5.5\bin;C:\Program Files\Java\jdk-11.0.11\bin;C:\Program Files\Java\jdk-11.0.11\bin;C:\Users\M.Hamada\AppData\Local\GitHubDesktop\bin;E:\android2\flutter\bin;
USERNAME=M.Hamada
OS=Windows_NT
PROCESSOR_IDENTIFIER=Intel64 Family 6 Model 58 Stepping 9, GenuineIntel



---------------  S Y S T E M  ---------------

OS: Windows 10 , 64 bit Build 16299 (10.0.16299.15)
OS uptime: 1 days 0:50 hours

CPU:total 4 (initial active 4) (2 cores per cpu, 2 threads per core) family 6 model 58 stepping 9, cmov, cx8, fxsr, mmx, sse, sse2, sse3, ssse3, sse4.1, sse4.2, popcnt, avx, clmul, erms, ht, tsc, tscinvbit, tscinv

Memory: 4k page, system-wide physical 8067M (1259M free)
TotalPageFile size 12866M (AvailPageFile size 4M)
current process WorkingSet (physical memory assigned to process): 366M, peak: 369M
current process commit charge ("private bytes"): 401M, peak: 401M

vm_info: OpenJDK 64-Bit Server VM (11.0.8+10-b944.6842174) for windows-amd64 JRE (11.0.8+10-b944.6842174), built on Sep 19 2020 01:11:42 by "builder" with MS VC++ 14.0 (VS2015)

END.
